Detecting CXX compiler ABI info failed to compile with the following output:
Change Dir: /Users/mfathi/Developer/iOS/Jott/ios/build/iPhoneSimulator-x86_64/CMakeFiles/CMakeTmp

Run Build Command:/usr/local/Cellar/cmake/2.8.12.2/bin/cmakexbuild -project CMAKE_TRY_COMPILE.xcodeproj build -target cmTryCompileExec2230009011 -configuration Debug
=== BUILD TARGET cmTryCompileExec2230009011 OF PROJECT CMAKE_TRY_COMPILE WITH CONFIGURATION Debug ===

Check dependencies
target specifies product type 'com.apple.product-type.tool', but there's no such product type for the 'iphonesimulator' platform

** BUILD FAILED **


The following build commands failed:
	Check dependencies
(1 failure)



Detecting C compiler ABI info failed to compile with the following output:
Change Dir: /Users/mfathi/Developer/iOS/Jott/ios/build/iPhoneSimulator-x86_64/CMakeFiles/CMakeTmp

Run Build Command:/usr/local/Cellar/cmake/2.8.12.2/bin/cmakexbuild -project CMAKE_TRY_COMPILE.xcodeproj build -target cmTryCompileExec2389189322 -configuration Debug
=== BUILD TARGET cmTryCompileExec2389189322 OF PROJECT CMAKE_TRY_COMPILE WITH CONFIGURATION Debug ===

Check dependencies
target specifies product type 'com.apple.product-type.tool', but there's no such product type for the 'iphonesimulator' platform

** BUILD FAILED **


The following build commands failed:
	Check dependencies
(1 failure)



Determining if the function fseeko exists failed with the following output:
Change Dir: /Users/mfathi/Developer/iOS/Jott/ios/build/iPhoneSimulator-x86_64/CMakeFiles/CMakeTmp

Run Build Command:/usr/local/Cellar/cmake/2.8.12.2/bin/cmakexbuild -project CMAKE_TRY_COMPILE.xcodeproj build -target cmTryCompileExec1842960510 -configuration Release
=== BUILD TARGET cmTryCompileExec1842960510 OF PROJECT CMAKE_TRY_COMPILE WITH CONFIGURATION Release ===

Check dependencies
target specifies product type 'com.apple.product-type.tool', but there's no such product type for the 'iphonesimulator' platform

** BUILD FAILED **


The following build commands failed:
	Check dependencies
(1 failure)


Determining if the include file unistd.h exists failed with the following output:
Change Dir: /Users/mfathi/Developer/iOS/Jott/ios/build/iPhoneSimulator-x86_64/CMakeFiles/CMakeTmp

Run Build Command:/usr/local/Cellar/cmake/2.8.12.2/bin/cmakexbuild -project CMAKE_TRY_COMPILE.xcodeproj build -target cmTryCompileExec1307788096 -configuration Release
=== BUILD TARGET cmTryCompileExec1307788096 OF PROJECT CMAKE_TRY_COMPILE WITH CONFIGURATION Release ===

Check dependencies
target specifies product type 'com.apple.product-type.tool', but there's no such product type for the 'iphonesimulator' platform

** BUILD FAILED **


The following build commands failed:
	Check dependencies
(1 failure)


Determining if the include file sys/types.h exists failed with the following output:
Change Dir: /Users/mfathi/Developer/iOS/Jott/ios/build/iPhoneSimulator-x86_64/CMakeFiles/CMakeTmp

Run Build Command:/usr/local/Cellar/cmake/2.8.12.2/bin/cmakexbuild -project CMAKE_TRY_COMPILE.xcodeproj build -target cmTryCompileExec164702289 -configuration Release
=== BUILD TARGET cmTryCompileExec164702289 OF PROJECT CMAKE_TRY_COMPILE WITH CONFIGURATION Release ===

Check dependencies
target specifies product type 'com.apple.product-type.tool', but there's no such product type for the 'iphonesimulator' platform

** BUILD FAILED **


The following build commands failed:
	Check dependencies
(1 failure)


Determining if the include file stdint.h exists failed with the following output:
Change Dir: /Users/mfathi/Developer/iOS/Jott/ios/build/iPhoneSimulator-x86_64/CMakeFiles/CMakeTmp

Run Build Command:/usr/local/Cellar/cmake/2.8.12.2/bin/cmakexbuild -project CMAKE_TRY_COMPILE.xcodeproj build -target cmTryCompileExec2597682355 -configuration Release
=== BUILD TARGET cmTryCompileExec2597682355 OF PROJECT CMAKE_TRY_COMPILE WITH CONFIGURATION Release ===

Check dependencies
target specifies product type 'com.apple.product-type.tool', but there's no such product type for the 'iphonesimulator' platform

** BUILD FAILED **


The following build commands failed:
	Check dependencies
(1 failure)


Determining if the include file stddef.h exists failed with the following output:
Change Dir: /Users/mfathi/Developer/iOS/Jott/ios/build/iPhoneSimulator-x86_64/CMakeFiles/CMakeTmp

Run Build Command:/usr/local/Cellar/cmake/2.8.12.2/bin/cmakexbuild -project CMAKE_TRY_COMPILE.xcodeproj build -target cmTryCompileExec3975152157 -configuration Release
=== BUILD TARGET cmTryCompileExec3975152157 OF PROJECT CMAKE_TRY_COMPILE WITH CONFIGURATION Release ===

Check dependencies
target specifies product type 'com.apple.product-type.tool', but there's no such product type for the 'iphonesimulator' platform

** BUILD FAILED **


The following build commands failed:
	Check dependencies
(1 failure)


Determining size of off64_t failed with the following output:
Change Dir: /Users/mfathi/Developer/iOS/Jott/ios/build/iPhoneSimulator-x86_64/CMakeFiles/CMakeTmp

Run Build Command:/usr/local/Cellar/cmake/2.8.12.2/bin/cmakexbuild -project CMAKE_TRY_COMPILE.xcodeproj build -target cmTryCompileExec4208735785 -configuration Release
=== BUILD TARGET cmTryCompileExec4208735785 OF PROJECT CMAKE_TRY_COMPILE WITH CONFIGURATION Release ===

Check dependencies
target specifies product type 'com.apple.product-type.tool', but there's no such product type for the 'iphonesimulator' platform

** BUILD FAILED **


The following build commands failed:
	Check dependencies
(1 failure)

/Users/mfathi/Developer/iOS/Jott/ios/build/iPhoneSimulator-x86_64/CMakeFiles/CheckTypeSize/OFF64_T.c:


#undef KEY
#if defined(__i386)
# define KEY '_','_','i','3','8','6'
#elif defined(__x86_64)
# define KEY '_','_','x','8','6','_','6','4'
#elif defined(__ppc__)
# define KEY '_','_','p','p','c','_','_'
#elif defined(__ppc64__)
# define KEY '_','_','p','p','c','6','4','_','_'
#endif

#define SIZE (sizeof(off64_t))
char info_size[] =  {'I', 'N', 'F', 'O', ':', 's','i','z','e','[',
  ('0' + ((SIZE / 10000)%10)),
  ('0' + ((SIZE / 1000)%10)),
  ('0' + ((SIZE / 100)%10)),
  ('0' + ((SIZE / 10)%10)),
  ('0' +  (SIZE    % 10)),
  ']',
#ifdef KEY
  ' ','k','e','y','[', KEY, ']',
#endif
  '\0'};

#ifdef __CLASSIC_C__
int main(argc, argv) int argc; char *argv[];
#else
int main(int argc, char *argv[])
#endif
{
  int require = 0;
  require += info_size[argc];
  (void)argv;
  return require;
}


Determining if the include file linux/videodev.h exists failed with the following output:
Change Dir: /Users/mfathi/Developer/iOS/Jott/ios/build/iPhoneSimulator-x86_64/CMakeFiles/CMakeTmp

Run Build Command:/usr/local/Cellar/cmake/2.8.12.2/bin/cmakexbuild -project CMAKE_TRY_COMPILE.xcodeproj build -target cmTryCompileExec3333002472 -configuration Release
=== BUILD TARGET cmTryCompileExec3333002472 OF PROJECT CMAKE_TRY_COMPILE WITH CONFIGURATION Release ===

Check dependencies
target specifies product type 'com.apple.product-type.tool', but there's no such product type for the 'iphonesimulator' platform

** BUILD FAILED **


The following build commands failed:
	Check dependencies
(1 failure)


Determining if the include file linux/videodev2.h exists failed with the following output:
Change Dir: /Users/mfathi/Developer/iOS/Jott/ios/build/iPhoneSimulator-x86_64/CMakeFiles/CMakeTmp

Run Build Command:/usr/local/Cellar/cmake/2.8.12.2/bin/cmakexbuild -project CMAKE_TRY_COMPILE.xcodeproj build -target cmTryCompileExec2545331049 -configuration Release
=== BUILD TARGET cmTryCompileExec2545331049 OF PROJECT CMAKE_TRY_COMPILE WITH CONFIGURATION Release ===

Check dependencies
target specifies product type 'com.apple.product-type.tool', but there's no such product type for the 'iphonesimulator' platform

** BUILD FAILED **


The following build commands failed:
	Check dependencies
(1 failure)


Determining if the include file sys/videoio.h exists failed with the following output:
Change Dir: /Users/mfathi/Developer/iOS/Jott/ios/build/iPhoneSimulator-x86_64/CMakeFiles/CMakeTmp

Run Build Command:/usr/local/Cellar/cmake/2.8.12.2/bin/cmakexbuild -project CMAKE_TRY_COMPILE.xcodeproj build -target cmTryCompileExec1707095058 -configuration Release
=== BUILD TARGET cmTryCompileExec1707095058 OF PROJECT CMAKE_TRY_COMPILE WITH CONFIGURATION Release ===

Check dependencies
target specifies product type 'com.apple.product-type.tool', but there's no such product type for the 'iphonesimulator' platform

** BUILD FAILED **


The following build commands failed:
	Check dependencies
(1 failure)


